::1 - - [03/Jun/2020:05:45:38 +0000] "GET / HTTP/1.1" 302 60 "-" "Mozilla/5.0 (Macintosh; Intel Mac OS X 10_13_6) AppleWebKit/537.36 (KHTML, like Gecko) Chrome/83.0.4103.61 Safari/537.36"
::1 - - [03/Jun/2020:05:45:38 +0000] "GET /burgers HTTP/1.1" 200 6564 "-" "Mozilla/5.0 (Macintosh; Intel Mac OS X 10_13_6) AppleWebKit/537.36 (KHTML, like Gecko) Chrome/83.0.4103.61 Safari/537.36"
::1 - - [03/Jun/2020:05:45:38 +0000] "GET /assets/css/burger_style.css HTTP/1.1" 404 166 "http://localhost:8080/burgers" "Mozilla/5.0 (Macintosh; Intel Mac OS X 10_13_6) AppleWebKit/537.36 (KHTML, like Gecko) Chrome/83.0.4103.61 Safari/537.36"
::1 - - [03/Jun/2020:05:45:38 +0000] "GET /assets/img/heroku.png HTTP/1.1" 404 160 "http://localhost:8080/burgers" "Mozilla/5.0 (Macintosh; Intel Mac OS X 10_13_6) AppleWebKit/537.36 (KHTML, like Gecko) Chrome/83.0.4103.61 Safari/537.36"
::1 - - [03/Jun/2020:05:45:38 +0000] "GET /assets/img/GitHub.png HTTP/1.1" 404 160 "http://localhost:8080/burgers" "Mozilla/5.0 (Macintosh; Intel Mac OS X 10_13_6) AppleWebKit/537.36 (KHTML, like Gecko) Chrome/83.0.4103.61 Safari/537.36"
::1 - - [03/Jun/2020:05:45:38 +0000] "GET /assets/js/burger.js HTTP/1.1" 404 158 "http://localhost:8080/burgers" "Mozilla/5.0 (Macintosh; Intel Mac OS X 10_13_6) AppleWebKit/537.36 (KHTML, like Gecko) Chrome/83.0.4103.61 Safari/537.36"
::1 - - [03/Jun/2020:05:45:39 +0000] "GET /assets/css/burger_style.css HTTP/1.1" 404 166 "http://localhost:8080/burgers" "Mozilla/5.0 (Macintosh; Intel Mac OS X 10_13_6) AppleWebKit/537.36 (KHTML, like Gecko) Chrome/83.0.4103.61 Safari/537.36"
::1 - - [03/Jun/2020:05:45:39 +0000] "GET /assets/img/heroku.png HTTP/1.1" 404 160 "http://localhost:8080/burgers" "Mozilla/5.0 (Macintosh; Intel Mac OS X 10_13_6) AppleWebKit/537.36 (KHTML, like Gecko) Chrome/83.0.4103.61 Safari/537.36"
::1 - - [03/Jun/2020:05:45:39 +0000] "GET /assets/js/burger.js HTTP/1.1" 404 158 "http://localhost:8080/burgers" "Mozilla/5.0 (Macintosh; Intel Mac OS X 10_13_6) AppleWebKit/537.36 (KHTML, like Gecko) Chrome/83.0.4103.61 Safari/537.36"
::1 - - [03/Jun/2020:05:45:39 +0000] "GET /assets/img/GitHub.png HTTP/1.1" 404 160 "http://localhost:8080/burgers" "Mozilla/5.0 (Macintosh; Intel Mac OS X 10_13_6) AppleWebKit/537.36 (KHTML, like Gecko) Chrome/83.0.4103.61 Safari/537.36"
::1 - - [03/Jun/2020:05:45:39 +0000] "GET /assets/img/burgers.png HTTP/1.1" 404 161 "http://localhost:8080/burgers" "Mozilla/5.0 (Macintosh; Intel Mac OS X 10_13_6) AppleWebKit/537.36 (KHTML, like Gecko) Chrome/83.0.4103.61 Safari/537.36"
::1 - - [03/Jun/2020:05:45:43 +0000] "POST /burgers/update?method=PUT HTTP/1.1" 404 154 "http://localhost:8080/burgers" "Mozilla/5.0 (Macintosh; Intel Mac OS X 10_13_6) AppleWebKit/537.36 (KHTML, like Gecko) Chrome/83.0.4103.61 Safari/537.36"
::1 - - [03/Jun/2020:05:45:47 +0000] "POST /burgers/update?method=PUT HTTP/1.1" 404 154 "http://localhost:8080/burgers" "Mozilla/5.0 (Macintosh; Intel Mac OS X 10_13_6) AppleWebKit/537.36 (KHTML, like Gecko) Chrome/83.0.4103.61 Safari/537.36"
::1 - - [03/Jun/2020:05:45:50 +0000] "POST /burgers/update?method=PUT HTTP/1.1" 404 154 "http://localhost:8080/burgers" "Mozilla/5.0 (Macintosh; Intel Mac OS X 10_13_6) AppleWebKit/537.36 (KHTML, like Gecko) Chrome/83.0.4103.61 Safari/537.36"
::1 - - [03/Jun/2020:05:47:24 +0000] "GET / HTTP/1.1" 302 60 "-" "Mozilla/5.0 (Macintosh; Intel Mac OS X 10_13_6) AppleWebKit/537.36 (KHTML, like Gecko) Chrome/83.0.4103.61 Safari/537.36"
::1 - - [03/Jun/2020:05:47:24 +0000] "GET /burgers HTTP/1.1" 304 - "-" "Mozilla/5.0 (Macintosh; Intel Mac OS X 10_13_6) AppleWebKit/537.36 (KHTML, like Gecko) Chrome/83.0.4103.61 Safari/537.36"
::1 - - [03/Jun/2020:05:47:24 +0000] "GET /assets/css/burger_style.css HTTP/1.1" 404 166 "http://localhost:8080/burgers" "Mozilla/5.0 (Macintosh; Intel Mac OS X 10_13_6) AppleWebKit/537.36 (KHTML, like Gecko) Chrome/83.0.4103.61 Safari/537.36"
::1 - - [03/Jun/2020:05:47:24 +0000] "GET /assets/img/heroku.png HTTP/1.1" 404 160 "http://localhost:8080/burgers" "Mozilla/5.0 (Macintosh; Intel Mac OS X 10_13_6) AppleWebKit/537.36 (KHTML, like Gecko) Chrome/83.0.4103.61 Safari/537.36"
::1 - - [03/Jun/2020:05:47:24 +0000] "GET /assets/img/GitHub.png HTTP/1.1" 404 160 "http://localhost:8080/burgers" "Mozilla/5.0 (Macintosh; Intel Mac OS X 10_13_6) AppleWebKit/537.36 (KHTML, like Gecko) Chrome/83.0.4103.61 Safari/537.36"
::1 - - [03/Jun/2020:05:47:24 +0000] "GET /assets/js/burger.js HTTP/1.1" 404 158 "http://localhost:8080/burgers" "Mozilla/5.0 (Macintosh; Intel Mac OS X 10_13_6) AppleWebKit/537.36 (KHTML, like Gecko) Chrome/83.0.4103.61 Safari/537.36"
::1 - - [03/Jun/2020:05:47:25 +0000] "GET /assets/js/burger.js HTTP/1.1" 404 158 "http://localhost:8080/burgers" "Mozilla/5.0 (Macintosh; Intel Mac OS X 10_13_6) AppleWebKit/537.36 (KHTML, like Gecko) Chrome/83.0.4103.61 Safari/537.36"
::1 - - [03/Jun/2020:05:47:25 +0000] "GET /assets/img/burgers.png HTTP/1.1" 404 161 "http://localhost:8080/burgers" "Mozilla/5.0 (Macintosh; Intel Mac OS X 10_13_6) AppleWebKit/537.36 (KHTML, like Gecko) Chrome/83.0.4103.61 Safari/537.36"
::1 - - [03/Jun/2020:05:47:26 +0000] "POST /burgers/update?method=PUT HTTP/1.1" 404 154 "http://localhost:8080/burgers" "Mozilla/5.0 (Macintosh; Intel Mac OS X 10_13_6) AppleWebKit/537.36 (KHTML, like Gecko) Chrome/83.0.4103.61 Safari/537.36"
